Build started 2016-07-20 9:16:54 PM.
     1>Project "C:\Programming\c++graphicTutorials\BallGame\BallGame.vcxproj" on node 2 (Build target(s)).
     1>ClCompile:
         C:\Program Files (x86)\Microsoft Visual Studio 12.0\VC\bin\CL.exe /c /Zi /nologo /W3 /WX- /sdl /O2 /Oi /Oy- /GL /D _MBCS /Gm- /EHsc /MD /GS /Gy /fp:precise /Zc:wchar_t /Zc:forScope /Fo"Release\\" /Fd"Release\vc120.pdb" /Gd /TP /analyze- /errorReport:prompt BallRenderer.cpp Main.cpp MainGame.cpp
         BallRenderer.cpp
         Main.cpp
         MainGame.cpp
     1>c:\programming\c++graphictutorials\bengine\GLTexture.h(6): warning C4099: 'Bengine::GLTexture' : type name first seen using 'class' now seen using 'struct'
                 C:\Programming\c++graphicTutorials\Bengine/SpriteFont.h(36) : see declaration of 'Bengine::GLTexture'
     1>MainGame.cpp(27): warning C4018: '<' : signed/unsigned mismatch
     1>MainGame.cpp(334): warning C4018: '>=' : signed/unsigned mismatch
       Link:
         C:\Program Files (x86)\Microsoft Visual Studio 12.0\VC\bin\link.exe /ERRORREPORT:PROMPT /OUT:"C:\Programming\c++graphicTutorials\graphicTutorials\Release\BallGame.exe" /NOLOGO SDL2.lib SDL2main.lib SDL2_ttf.lib SDL2_mixer.lib opengl32.lib glew32.lib Bengine.lib kernel32.lib user32.lib gdi32.lib winspool.lib comdlg32.lib advapi32.lib shell32.lib ole32.lib oleaut32.lib uuid.lib odbc32.lib odbccp32.lib /MANIFEST /MANIFESTUAC:"level='asInvoker' uiAccess='false'" /manifest:embed /DEBUG /PDB:"C:\Programming\c++graphicTutorials\graphicTutorials\Release\BallGame.pdb" /SUBSYSTEM:CONSOLE /OPT:REF /OPT:ICF /LTCG /TLBID:1 /DYNAMICBASE /NXCOMPAT /IMPLIB:"C:\Programming\c++graphicTutorials\graphicTutorials\Release\BallGame.lib" /MACHINE:X86 /SAFESEH Release\Ball.obj
         Release\BallController.obj
         Release\BallRenderer.obj
         Release\Grid.obj
         Release\Main.obj
         Release\MainGame.obj
         Generating code
         Finished generating code
         BallGame.vcxproj -> C:\Programming\c++graphicTutorials\graphicTutorials\Release\BallGame.exe
     1>Done Building Project "C:\Programming\c++graphicTutorials\BallGame\BallGame.vcxproj" (Build target(s)).

Build succeeded.

Time Elapsed 00:00:05.71
